<?xml version="1.0" encoding="UTF-8"?>
<!-- Generated by org.testng.reporters.JUnitXMLReporter -->
<testsuite ignored="0" hostname="KSHITIJ-NAG" failures="0" tests="10" name="Default test" time="19.53" errors="0" timestamp="2024-11-18T13:19:18 IST">
  <testcase classname="seleniumwithtestng.seleniumwithtestng_2" name="firstname" time="0.319"/>
  <testcase classname="seleniumwithtestng.seleniumwithtestng_2" name="lastname" time="0.213"/>
  <testcase classname="seleniumwithtestng.seleniumwithtestng_2" name="address" time="0.599"/>
  <testcase classname="seleniumwithtestng.seleniumwithtestng_2" name="email" time="0.432"/>
  <testcase classname="seleniumwithtestng.seleniumwithtestng_2" name="phonenumber" time="0.337"/>
  <testcase classname="seleniumwithtestng.seleniumwithtestng_2" name="grnder" time="0.155"/>
  <testcase classname="seleniumwithtestng.seleniumwithtestng_2" name="lang" time="8.505"/>
  <testcase classname="seleniumwithtestng.seleniumwithtestng_2" name="dateofbirth" time="1.891"/>
  <testcase classname="seleniumwithtestng.seleniumwithtestng_2" name="password" time="0.855"/>
  <testcase classname="seleniumwithtestng.seleniumwithtestng_2" name="choosefile" time="0.166"/>
</testsuite> <!-- Default test -->
