<?xml version="1.0" encoding="UTF-8"?>
<testng-results ignored="0" total="10" passed="10" failed="0" skipped="0">
  <reporter-output>
  </reporter-output>
  <suite started-at="2024-11-18T13:18:58 IST" name="Default suite" finished-at="2024-11-18T13:19:18 IST" duration-ms="19530">
    <groups>
    </groups>
    <test started-at="2024-11-18T13:18:58 IST" name="Default test" finished-at="2024-11-18T13:19:18 IST" duration-ms="19530">
      <class name="seleniumwithtestng.seleniumwithtestng_2">
        <test-method is-config="true" signature="navigate()[pri:0, instance:seleniumwithtestng.seleniumwithtestng_2@18e7143f]" started-at="2024-11-18T13:18:58 IST" name="navigate" finished-at="2024-11-18T13:19:04 IST" duration-ms="5716" status="PASS">
          <reporter-output>
          </reporter-output>
        </test-method> <!-- navigate -->
        <test-method signature="firstname()[pri:0, instance:seleniumwithtestng.seleniumwithtestng_2@18e7143f]" started-at="2024-11-18T13:19:04 IST" name="firstname" finished-at="2024-11-18T13:19:04 IST" duration-ms="319" status="PASS">
          <reporter-output>
          </reporter-output>
        </test-method> <!-- firstname -->
        <test-method signature="lastname()[pri:1, instance:seleniumwithtestng.seleniumwithtestng_2@18e7143f]" started-at="2024-11-18T13:19:04 IST" name="lastname" finished-at="2024-11-18T13:19:04 IST" duration-ms="213" status="PASS">
          <reporter-output>
          </reporter-output>
        </test-method> <!-- lastname -->
        <test-method signature="address()[pri:2, instance:seleniumwithtestng.seleniumwithtestng_2@18e7143f]" started-at="2024-11-18T13:19:04 IST" name="address" finished-at="2024-11-18T13:19:05 IST" duration-ms="599" status="PASS">
          <reporter-output>
          </reporter-output>
        </test-method> <!-- address -->
        <test-method signature="email()[pri:3, instance:seleniumwithtestng.seleniumwithtestng_2@18e7143f]" started-at="2024-11-18T13:19:05 IST" name="email" finished-at="2024-11-18T13:19:06 IST" duration-ms="432" status="PASS">
          <reporter-output>
          </reporter-output>
        </test-method> <!-- email -->
        <test-method signature="phonenumber()[pri:4, instance:seleniumwithtestng.seleniumwithtestng_2@18e7143f]" started-at="2024-11-18T13:19:06 IST" name="phonenumber" finished-at="2024-11-18T13:19:06 IST" duration-ms="337" status="PASS">
          <reporter-output>
          </reporter-output>
        </test-method> <!-- phonenumber -->
        <test-method signature="grnder()[pri:5, instance:seleniumwithtestng.seleniumwithtestng_2@18e7143f]" started-at="2024-11-18T13:19:06 IST" name="grnder" finished-at="2024-11-18T13:19:06 IST" duration-ms="155" status="PASS">
          <reporter-output>
          </reporter-output>
        </test-method> <!-- grnder -->
        <test-method signature="lang()[pri:6, instance:seleniumwithtestng.seleniumwithtestng_2@18e7143f]" started-at="2024-11-18T13:19:06 IST" name="lang" finished-at="2024-11-18T13:19:15 IST" duration-ms="8505" status="PASS">
          <reporter-output>
          </reporter-output>
        </test-method> <!-- lang -->
        <test-method signature="dateofbirth()[pri:7, instance:seleniumwithtestng.seleniumwithtestng_2@18e7143f]" started-at="2024-11-18T13:19:15 IST" name="dateofbirth" finished-at="2024-11-18T13:19:16 IST" duration-ms="1891" status="PASS">
          <reporter-output>
          </reporter-output>
        </test-method> <!-- dateofbirth -->
        <test-method signature="password()[pri:8, instance:seleniumwithtestng.seleniumwithtestng_2@18e7143f]" started-at="2024-11-18T13:19:16 IST" name="password" finished-at="2024-11-18T13:19:17 IST" duration-ms="855" status="PASS">
          <reporter-output>
          </reporter-output>
        </test-method> <!-- password -->
        <test-method signature="choosefile()[pri:9, instance:seleniumwithtestng.seleniumwithtestng_2@18e7143f]" started-at="2024-11-18T13:19:17 IST" name="choosefile" finished-at="2024-11-18T13:19:18 IST" duration-ms="166" status="PASS">
          <reporter-output>
          </reporter-output>
        </test-method> <!-- choosefile -->
      </class> <!-- seleniumwithtestng.seleniumwithtestng_2 -->
    </test> <!-- Default test -->
  </suite> <!-- Default suite -->
</testng-results>
